
Showing logs for build [32mcb-kubecd-environment-pr-183-41-vrg6p-1[0m stage [32mfrom-build-pack[0m and container [32mstep-credential-initializer-nzd2j[0m
{"level":"warn","ts":1584442881.4415383,"logger":"fallback-logger","caller":"logging/config.go:69","msg":"Fetch GitHub commit ID from kodata failed: \"ref: refs/heads/0.8.0-**-support-backwards-incompats\" is not a valid GitHub commit ID"}
{"level":"info","ts":1584442881.442316,"logger":"fallback-logger","caller":"creds-init/main.go:40","msg":"Credentials initialized."}

Showing logs for build [32mcb-kubecd-environment-pr-183-41-vrg6p-1[0m stage [32mfrom-build-pack[0m and container [32mstep-working-dir-initializer-db2zr[0m
{"level":"warn","ts":1584442882.8264256,"logger":"fallback-logger","caller":"logging/config.go:69","msg":"Fetch GitHub commit ID from kodata failed: open /var/run/ko/HEAD: no such file or directory"}
{"level":"info","ts":1584442882.8296826,"logger":"fallback-logger","caller":"bash/main.go:64","msg":"Successfully executed command \"sh -c mkdir -p /workspace/source\"; output "}

Showing logs for build [32mcb-kubecd-environment-pr-183-41-vrg6p-1[0m stage [32mfrom-build-pack[0m and container [32mstep-place-tools[0m

Showing logs for build [32mcb-kubecd-environment-pr-183-41-vrg6p-1[0m stage [32mfrom-build-pack[0m and container [32mstep-git-source-cb-kubecd-environment-pr-183-41-vrg6p-bjf8w[0m
{"level":"warn","ts":1584442885.917541,"logger":"fallback-logger","caller":"logging/config.go:69","msg":"Fetch GitHub commit ID from kodata failed: \"ref: refs/heads/0.8.0-**-support-backwards-incompats\" is not a valid GitHub commit ID"}
{"level":"info","ts":1584442886.9346342,"logger":"fallback-logger","caller":"git/git.go:103","msg":"Successfully cloned https://github.com/cb-kubecd/environment-pr-183-41-boot-gke-production.git @ master in path /workspace/source"}

Showing logs for build [32mcb-kubecd-environment-pr-183-41-vrg6p-1[0m stage [32mfrom-build-pack[0m and container [32mstep-git-merge[0m
Using SHAs from PULL_REFS=master:d4761abbf73e4c3a603c97b72ae6e3b63b6fa9ea,1:b4f9693a7d340678eaa1b5a63e653453618e6d5a
DEBUG: LC_ALL=C JX_LOG_LEVEL=error git fetch origin --unshallow b4f9693a7d340678eaa1b5a63e653453618e6d5a: d4761abbf73e4c3a603c97b72ae6e3b63b6fa9ea:
DEBUG: ran git fetch --unshallow origin b4f9693a7d340678eaa1b5a63e653453618e6d5a: d4761abbf73e4c3a603c97b72ae6e3b63b6fa9ea: in 
DEBUG: LC_ALL=C JX_LOG_LEVEL=error git branch
DEBUG: JX_LOG_LEVEL=error LC_ALL=C git checkout master
DEBUG: ran git checkout master in 
DEBUG: LC_ALL=C JX_LOG_LEVEL=error git reset --hard d4761abbf73e4c3a603c97b72ae6e3b63b6fa9ea
DEBUG: ran git reset --hard d4761abbf73e4c3a603c97b72ae6e3b63b6fa9ea in 
DEBUG: LC_ALL=C JX_LOG_LEVEL=error git clean -fd .
DEBUG: ran clean --force -d . in 
DEBUG: LC_ALL=C JX_LOG_LEVEL=error git merge b4f9693a7d340678eaa1b5a63e653453618e6d5a
DEBUG: ran git merge b4f9693a7d340678eaa1b5a63e653453618e6d5a in 
DEBUG: LC_ALL=C JX_LOG_LEVEL=error git log --format=%H%x1f%an%x1f%ae%x1f%cn%x1f%ce%x1f%s%n%b%x1e d4761abbf73e4c3a603c97b72ae6e3b63b6fa9ea..HEAD
Merged SHA b4f9693a7d340678eaa1b5a63e653453618e6d5a with commit message 'chore: Promote bdd-spring-1584442033 to version 0.0.1' into base branch master

Showing logs for build [32mcb-kubecd-environment-pr-183-41-vrg6p-1[0m stage [32mfrom-build-pack[0m and container [32mstep-build-helm-build[0m
WARNING: No $CHART_REPOSITORY defined so using the default value of: http://jenkins-x-chartmuseum:8080
Adding missing Helm repo: storage.googleapis.com https://storage.googleapis.com/chartmuseum.jenkins-x.io
WARNING: No secrets found on "helm/repos" due: reading the secret "helm/repos" from vault: no secret "helm/repos" not found in vault
Read credentials for https://storage.googleapis.com/chartmuseum.jenkins-x.io from vault helm/repos
Successfully added Helm repository storage.googleapis.com.
Adding missing Helm repo: jenkins-x-chartmuseum http://jenkins-x-chartmuseum:8080
WARNING: No secrets found on "helm/repos" due: reading the secret "helm/repos" from vault: no secret "helm/repos" not found in vault
Read credentials for http://jenkins-x-chartmuseum:8080 from vault helm/repos
Successfully added Helm repository jenkins-x-chartmuseum.
WARNING: No $CHART_REPOSITORY defined so using the default value of: http://jenkins-x-chartmuseum:8080
Adding missing Helm repo: chartmuseum.jenkins-x.io http://chartmuseum.jenkins-x.io
WARNING: No secrets found on "helm/repos" due: reading the secret "helm/repos" from vault: no secret "helm/repos" not found in vault
Read credentials for http://chartmuseum.jenkins-x.io from vault helm/repos
Successfully added Helm repository chartmuseum.jenkins-x.io.
